#
# A fatal error has been detected by the Java Runtime Environment:
#
#  EXCEPTION_ACCESS_VIOLATION (0xc0000005) at pc=0x00007ff922c3ad73, pid=20112, tid=10844
#
# JRE version: OpenJDK Runtime Environment AdoptOpenJDK (11.0.8+10) (build 11.0.8+10)
# Java VM: OpenJDK 64-Bit Server VM AdoptOpenJDK (11.0.8+10, mixed mode, tiered, compressed oops, g1 gc, windows-amd64)
# Problematic frame:
# V  [jvm.dll+0x31ad73]
#
# No core dump will be written. Minidumps are not enabled by default on client versions of Windows
#
# If you would like to submit a bug report, please visit:
#   https://github.com/AdoptOpenJDK/openjdk-support/issues
#

---------------  S U M M A R Y ------------

Command Line: -agentlib:jdwp=transport=dt_socket,suspend=y,address=localhost:59100 -javaagent:C:\Users\마윤주\Desktop\이클립스 java\eclipse\configuration\org.eclipse.osgi\222\0\.cp\lib\javaagent-shaded.jar -Dfile.encoding=UTF-8 w3.InfixToPostfixTest

Host: Intel(R) Core(TM) i5-8265U CPU @ 1.60GHz, 8 cores, 7G,  Windows 10 , 64 bit Build 19041 (10.0.19041.804)
Time: Tue Mar 30 19:26:11 2021 대한민국 표준시 elapsed time: 2174 seconds (0d 0h 36m 14s)

---------------  T H R E A D  ---------------

Current thread (0x000002cfc6308800):  VMThread "VM Thread" [stack: 0x000000da1e400000,0x000000da1e500000] [id=10844]

Stack: [0x000000da1e400000,0x000000da1e500000],  sp=0x000000da1e4fef40,  free space=1019k
Native frames: (J=compiled Java code, j=interpreted, Vv=VM code, C=native code)
V  [jvm.dll+0x31ad73]
V  [jvm.dll+0x31ec37]
V  [jvm.dll+0x31f13c]
V  [jvm.dll+0x31b042]
V  [jvm.dll+0x5ced35]
V  [jvm.dll+0x5ceabd]
V  [jvm.dll+0x595883]
V  [jvm.dll+0x4b29f1]
V  [jvm.dll+0x71a9ec]
V  [jvm.dll+0x71ea87]
V  [jvm.dll+0x71f2e9]
V  [jvm.dll+0x71f677]
V  [jvm.dll+0x6d53e4]
V  [jvm.dll+0x5de996]
C  [ucrtbase.dll+0x21bb2]
C  [KERNEL32.DLL+0x17034]
C  [ntdll.dll+0x52651]


siginfo: EXCEPTION_ACCESS_VIOLATION (0xc0000005), reading address 0xffffffffffffffff


Register to memory mapping:

RIP=0x00007ff922c3ad73 jvm.dll
RAX=0x000002cfc62c2d60 points into unknown readable memory: 01 00 00 00 04 00 02 02
RBX=0x000000da1e4ff110 points into unknown readable memory: c8 f2 17 23 f9 7f 00 00
RCX=0x000000da1e4ff180 points into unknown readable memory: 60 2d 2c c6 cf 02 00 00
RDX=0xffffffffffffcbde is an unknown value
RSP=0x000000da1e4fef40 points into unknown readable memory: 25 00 00 00 00 00 00 00
RBP=0x00007ff922c3ad50 jvm.dll
RSI=0x0 is NULL
RDI=0x000000000000009c is an unknown value
R8 =0x03ffffffffffff2f is an unknown value
R9 =0x000000000000001e is an unknown value
R10=0x00000001000d2e50 is a pointer to class: 
w3.InfixToPostfix2 {0x00000001000d2e58}
R11=0x0 is NULL
R12=0x0000000000000001 is an unknown value
R13=0x00007ff922920000 jvm.dll
R14=0x000002cfc6b5a946 is pointing into metadata
R15=0x0000000000000106 is an unknown value


Registers:
RAX=0x000002cfc62c2d60, RBX=0x000000da1e4ff110, RCX=0x000000da1e4ff180, RDX=0xffffffffffffcbde
RSP=0x000000da1e4fef40, RBP=0x00007ff922c3ad50, RSI=0x0000000000000000, RDI=0x000000000000009c
R8 =0x03ffffffffffff2f, R9 =0x000000000000001e, R10=0x00000001000d2e50, R11=0x0000000000000000
R12=0x0000000000000001, R13=0x00007ff922920000, R14=0x000002cfc6b5a946, R15=0x0000000000000106
RIP=0x00007ff922c3ad73, EFLAGS=0x0000000000010a02

Top of Stack: (sp=0x000000da1e4fef40)
0x000000da1e4fef40:   0000000000000025 0000000000000001
0x000000da1e4fef50:   000002cfc6b5aa9e 00007ff922c4ffda
0x000000da1e4fef60:   000000da1e4ff110 00007ff922c3ec37
0x000000da1e4fef70:   000000da1e4ff110 000002cfc6308800
0x000000da1e4fef80:   000000da1e4fefe0 00007ff922a3897e
0x000000da1e4fef90:   000002cfc6b5aaa0 000000da1e4ff180
0x000000da1e4fefa0:   000002cfc62c3098 000002cfc6b5a946
0x000000da1e4fefb0:   000000000000009c 00007ff922c3f13c
0x000000da1e4fefc0:   000000da1e4ff110 0000000000000106
0x000000da1e4fefd0:   000000000000009c 000002cfa52a0cc0
0x000000da1e4fefe0:   000002cfc6b5aaa0 000002cfc6308800
0x000000da1e4feff0:   0000010900000106 0000009c0000019a
0x000000da1e4ff000:   0000019a00000000 ffffffff0000009c
0x000000da1e4ff010:   000002cfc62c3098 0000000000000000
0x000000da1e4ff020:   00007ff923345b60 00000000000003d8
0x000000da1e4ff030:   000002cfc62c2d10 00007ff922c3b042 

Instructions: (pc=0x00007ff922c3ad73)
0x00007ff922c3ac73:   84 b4 00 00 00 48 8b 5b 10 48 85 db 75 ef 33 d2
0x00007ff922c3ac83:   8d 4a 18 e8 85 15 32 00 48 8b d8 48 85 c0 0f 84
0x00007ff922c3ac93:   8e 00 00 00 33 d2 48 89 6c 24 48 49 8b 2e 48 89
0x00007ff922c3aca3:   74 24 50 89 38 8d 4a 20 e8 60 15 32 00 33 ff 48
0x00007ff922c3acb3:   8b f0 48 85 c0 74 54 8b 0d 50 09 67 00 8d 57 08
0x00007ff922c3acc3:   89 48 04 48 8b c8 89 38 c7 40 10 07 00 00 00 48
0x00007ff922c3acd3:   89 78 08 e8 95 4c 01 00 48 89 46 18 39 7e 04 7e
0x00007ff922c3ace3:   2d 0f 1f 40 00 0f 1f 84 00 00 00 00 00 48 8b 46
0x00007ff922c3acf3:   18 48 63 cf 48 8d 14 c8 48 85 d2 74 05 33 c0 48
0x00007ff922c3ad03:   89 02 ff c7 3b 7e 04 7c e4 eb 03 48 8b f7 48 89
0x00007ff922c3ad13:   73 08 48 8b 74 24 50 48 89 6b 10 48 8b 6c 24 48
0x00007ff922c3ad23:   eb 04 33 ff 8b df 49 89 1e 48 8b 4b 08 48 8d 54
0x00007ff922c3ad33:   24 40 4c 89 7c 24 40 e8 01 9a da ff 48 8b 5c 24
0x00007ff922c3ad43:   58 48 83 c4 20 41 5f 41 5e 5f c3 cc cc 40 53 48
0x00007ff922c3ad53:   83 ec 20 48 63 d2 48 8b d9 0f b6 c2 48 83 c1 70
0x00007ff922c3ad63:   24 3f 4c 8b c2 44 0f b6 c8 49 c1 e8 06 48 8b 01
0x00007ff922c3ad73:   4e 8b 04 c0 4d 0f a3 c8 72 0b 41 b0 01 e8 2b ce
0x00007ff922c3ad83:   de ff ff 43 6c 48 83 c4 20 5b c3 cc cc 8b c2 4c
0x00007ff922c3ad93:   8b d1 41 33 c0 a9 00 00 00 f0 0f 84 ca 00 00 00
0x00007ff922c3ada3:   44 8b ca 8b c2 41 c1 e9 1d b9 72 00 00 00 41 80
0x00007ff922c3adb3:   e1 01 c1 e8 1e 44 8d 59 ae a8 01 74 1a 45 84 c9
0x00007ff922c3adc3:   75 0d c1 ea 1c f6 c2 01 75 05 44 8b c9 eb 35 41
0x00007ff922c3add3:   b9 23 00 00 00 eb 2d 45 84 c9 74 08 41 b9 76 00
0x00007ff922c3ade3:   00 00 eb 20 8b c2 c1 e8 1c a8 01 74 08 41 b9 70
0x00007ff922c3adf3:   00 00 00 eb 0f c1 ea 1f 41 b9 40 00 00 00 84 d2
0x00007ff922c3ae03:   45 0f 45 cb 41 8b d0 41 8b c0 c1 ea 1d 80 e2 01
0x00007ff922c3ae13:   c1 e8 1e a8 01 74 15 84 d2 75 0a 41 c1 e8 1c 41
0x00007ff922c3ae23:   f6 c0 01 74 33 b9 23 00 00 00 eb 2c 84 d2 74 07
0x00007ff922c3ae33:   b9 76 00 00 00 eb 21 41 8b c0 c1 e8 1c a8 01 74
0x00007ff922c3ae43:   07 b9 70 00 00 00 eb 10 41 c1 e8 1f b9 40 00 00
0x00007ff922c3ae53:   00 45 84 c0 41 0f 45 cb 44 8b c1 48 8d 15 33 6f
0x00007ff922c3ae63:   50 00 49 8b ca e9 43 5d 00 00 c3 cc cc 48 89 5c 


Stack slot to memory mapping:
stack at sp + 0 slots: 0x0000000000000025 is an unknown value
stack at sp + 1 slots: 0x0000000000000001 is an unknown value
stack at sp + 2 slots: 0x000002cfc6b5aa9e is pointing into metadata
stack at sp + 3 slots: 0x00007ff922c4ffda jvm.dll
stack at sp + 4 slots: 0x000000da1e4ff110 points into unknown readable memory: c8 f2 17 23 f9 7f 00 00
stack at sp + 5 slots: 0x00007ff922c3ec37 jvm.dll
stack at sp + 6 slots: 0x000000da1e4ff110 points into unknown readable memory: c8 f2 17 23 f9 7f 00 00
stack at sp + 7 slots: 0x000002cfc6308800 points into unknown readable memory: 38 3a 1b 23 f9 7f 00 00

VM_Operation (0x000000da1eeff050): GetOrSetLocal, mode: safepoint, requested by thread 0x000002cfc6f39000


---------------  P R O C E S S  ---------------

Threads class SMR info:
_java_thread_list=0x000002cfc7526d50, length=13, elements={
0x000002cfa6c5f000, 0x000002cfc632c000, 0x000002cfc6335800, 0x000002cfc6350800,
0x000002cfc6c3e800, 0x000002cfc6c3f800, 0x000002cfc6359000, 0x000002cfc6c46800,
0x000002cfc62c4000, 0x000002cfc6f39000, 0x000002cfc73a6000, 0x000002cfc6f5e000,
0x000002cfc7408000
}

Java Threads: ( => current thread )
  0x000002cfa6c5f000 JavaThread "main" [_thread_blocked, id=11616, stack(0x000000da1de00000,0x000000da1df00000)]
  0x000002cfc632c000 JavaThread "Reference Handler" daemon [_thread_blocked, id=15648, stack(0x000000da1e500000,0x000000da1e600000)]
  0x000002cfc6335800 JavaThread "Finalizer" daemon [_thread_blocked, id=7912, stack(0x000000da1e600000,0x000000da1e700000)]
  0x000002cfc6350800 JavaThread "Signal Dispatcher" daemon [_thread_blocked, id=15152, stack(0x000000da1e700000,0x000000da1e800000)]
  0x000002cfc6c3e800 JavaThread "Attach Listener" daemon [_thread_blocked, id=2192, stack(0x000000da1e800000,0x000000da1e900000)]
  0x000002cfc6c3f800 JavaThread "C2 CompilerThread0" daemon [_thread_blocked, id=19616, stack(0x000000da1e900000,0x000000da1ea00000)]
  0x000002cfc6359000 JavaThread "C1 CompilerThread0" daemon [_thread_blocked, id=18772, stack(0x000000da1ea00000,0x000000da1eb00000)]
  0x000002cfc6c46800 JavaThread "Sweeper thread" daemon [_thread_blocked, id=19628, stack(0x000000da1eb00000,0x000000da1ec00000)]
  0x000002cfc62c4000 JavaThread "Common-Cleaner" daemon [_thread_blocked, id=20108, stack(0x000000da1ec00000,0x000000da1ed00000)]
  0x000002cfc6f39000 JavaThread "JDWP Transport Listener: dt_socket" daemon [_thread_blocked, id=5080, stack(0x000000da1ee00000,0x000000da1ef00000)] _threads_hazard_ptr=0x000002cfc7526d50
  0x000002cfc73a6000 JavaThread "JDWP Event Helper Thread" daemon [_thread_blocked, id=8980, stack(0x000000da1ef00000,0x000000da1f000000)]
  0x000002cfc6f5e000 JavaThread "JDWP Command Reader" daemon [_thread_in_native, id=10232, stack(0x000000da1f000000,0x000000da1f100000)]
  0x000002cfc7408000 JavaThread "Service Thread" daemon [_thread_blocked, id=16868, stack(0x000000da1f100000,0x000000da1f200000)]

Other Threads:
=>0x000002cfc6308800 VMThread "VM Thread" [stack: 0x000000da1e400000,0x000000da1e500000] [id=10844]
  0x000002cfc6fea000 WatcherThread [stack: 0x000000da1f200000,0x000000da1f300000] [id=9140]
  0x000002cfa6c75800 GCTaskThread "GC Thread#0" [stack: 0x000000da1df00000,0x000000da1e000000] [id=14100]
  0x000002cfa6ca8800 ConcurrentGCThread "G1 Main Marker" [stack: 0x000000da1e000000,0x000000da1e100000] [id=6212]
  0x000002cfa6caa000 ConcurrentGCThread "G1 Conc#0" [stack: 0x000000da1e100000,0x000000da1e200000] [id=13456]
  0x000002cfa6d3e000 ConcurrentGCThread "G1 Refine#0" [stack: 0x000000da1e200000,0x000000da1e300000] [id=16104]
  0x000002cfc6170800 ConcurrentGCThread "G1 Young RemSet Sampling" [stack: 0x000000da1e300000,0x000000da1e400000] [id=16888]

Threads with active compile tasks:

VM state:at safepoint (normal execution)

VM Mutex/Monitor currently owned by a thread:  ([mutex/lock_event])
[0x000002cfa6c5bf60] Threads_lock - owner thread: 0x000002cfc6308800

Heap address: 0x0000000082200000, size: 2014 MB, Compressed Oops mode: 32-bit
Narrow klass base: 0x0000000000000000, Narrow klass shift: 3
Compressed class space size: 1073741824 Address: 0x0000000100000000

Heap:
 garbage-first heap   total 129024K, used 6144K [0x0000000082200000, 0x0000000100000000)
  region size 1024K, 8 young (8192K), 0 survivors (0K)
 Metaspace       used 9732K, capacity 9907K, committed 10240K, reserved 1058816K
  class space    used 856K, capacity 916K, committed 1024K, reserved 1048576K
Heap Regions: E=young(eden), S=young(survivor), O=old, HS=humongous(starts), HC=humongous(continues), CS=collection set, F=free, A=archive, TAMS=top-at-mark-start (previous, next)
|   0|0x0000000082200000, 0x0000000082200000, 0x0000000082300000|  0%| F|  |TAMS 0x0000000082200000, 0x0000000082200000| Untracked 
|   1|0x0000000082300000, 0x0000000082300000, 0x0000000082400000|  0%| F|  |TAMS 0x0000000082300000, 0x0000000082300000| Untracked 
|   2|0x0000000082400000, 0x0000000082400000, 0x0000000082500000|  0%| F|  |TAMS 0x0000000082400000, 0x0000000082400000| Untracked 
|   3|0x0000000082500000, 0x0000000082500000, 0x0000000082600000|  0%| F|  |TAMS 0x0000000082500000, 0x0000000082500000| Untracked 
|   4|0x0000000082600000, 0x0000000082600000, 0x0000000082700000|  0%| F|  |TAMS 0x0000000082600000, 0x0000000082600000| Untracked 
|   5|0x0000000082700000, 0x0000000082700000, 0x0000000082800000|  0%| F|  |TAMS 0x0000000082700000, 0x0000000082700000| Untracked 
|   6|0x0000000082800000, 0x0000000082800000, 0x0000000082900000|  0%| F|  |TAMS 0x0000000082800000, 0x0000000082800000| Untracked 
|   7|0x0000000082900000, 0x0000000082900000, 0x0000000082a00000|  0%| F|  |TAMS 0x0000000082900000, 0x0000000082900000| Untracked 
|   8|0x0000000082a00000, 0x0000000082a00000, 0x0000000082b00000|  0%| F|  |TAMS 0x0000000082a00000, 0x0000000082a00000| Untracked 
|   9|0x0000000082b00000, 0x0000000082b00000, 0x0000000082c00000|  0%| F|  |TAMS 0x0000000082b00000, 0x0000000082b00000| Untracked 
|  10|0x0000000082c00000, 0x0000000082c00000, 0x0000000082d00000|  0%| F|  |TAMS 0x0000000082c00000, 0x0000000082c00000| Untracked 
|  11|0x0000000082d00000, 0x0000000082d00000, 0x0000000082e00000|  0%| F|  |TAMS 0x0000000082d00000, 0x0000000082d00000| Untracked 
|  12|0x0000000082e00000, 0x0000000082e00000, 0x0000000082f00000|  0%| F|  |TAMS 0x0000000082e00000, 0x0000000082e00000| Untracked 
|  13|0x0000000082f00000, 0x0000000082f00000, 0x0000000083000000|  0%| F|  |TAMS 0x0000000082f00000, 0x0000000082f00000| Untracked 
|  14|0x0000000083000000, 0x0000000083000000, 0x0000000083100000|  0%| F|  |TAMS 0x0000000083000000, 0x0000000083000000| Untracked 
|  15|0x0000000083100000, 0x0000000083100000, 0x0000000083200000|  0%| F|  |TAMS 0x0000000083100000, 0x0000000083100000| Untracked 
|  16|0x0000000083200000, 0x0000000083200000, 0x0000000083300000|  0%| F|  |TAMS 0x0000000083200000, 0x0000000083200000| Untracked 
|  17|0x0000000083300000, 0x0000000083300000, 0x0000000083400000|  0%| F|  |TAMS 0x0000000083300000, 0x0000000083300000| Untracked 
|  18|0x0000000083400000, 0x0000000083400000, 0x0000000083500000|  0%| F|  |TAMS 0x0000000083400000, 0x0000000083400000| Untracked 
|  19|0x0000000083500000, 0x0000000083500000, 0x0000000083600000|  0%| F|  |TAMS 0x0000000083500000, 0x0000000083500000| Untracked 
|  20|0x0000000083600000, 0x0000000083600000, 0x0000000083700000|  0%| F|  |TAMS 0x0000000083600000, 0x0000000083600000| Untracked 
|  21|0x0000000083700000, 0x0000000083700000, 0x0000000083800000|  0%| F|  |TAMS 0x0000000083700000, 0x0000000083700000| Untracked 
|  22|0x0000000083800000, 0x0000000083800000, 0x0000000083900000|  0%| F|  |TAMS 0x0000000083800000, 0x0000000083800000| Untracked 
|  23|0x0000000083900000, 0x0000000083900000, 0x0000000083a00000|  0%| F|  |TAMS 0x0000000083900000, 0x0000000083900000| Untracked 
|  24|0x0000000083a00000, 0x0000000083a00000, 0x0000000083b00000|  0%| F|  |TAMS 0x0000000083a00000, 0x0000000083a00000| Untracked 
|  25|0x0000000083b00000, 0x0000000083b00000, 0x0000000083c00000|  0%| F|  |TAMS 0x0000000083b00000, 0x0000000083b00000| Untracked 
|  26|0x0000000083c00000, 0x0000000083c00000, 0x0000000083d00000|  0%| F|  |TAMS 0x0000000083c00000, 0x0000000083c00000| Untracked 
|  27|0x0000000083d00000, 0x0000000083d00000, 0x0000000083e00000|  0%| F|  |TAMS 0x0000000083d00000, 0x0000000083d00000| Untracked 
|  28|0x0000000083e00000, 0x0000000083e00000, 0x0000000083f00000|  0%| F|  |TAMS 0x0000000083e00000, 0x0000000083e00000| Untracked 
|  29|0x0000000083f00000, 0x0000000083f00000, 0x0000000084000000|  0%| F|  |TAMS 0x0000000083f00000, 0x0000000083f00000| Untracked 
|  30|0x0000000084000000, 0x0000000084000000, 0x0000000084100000|  0%| F|  |TAMS 0x0000000084000000, 0x0000000084000000| Untracked 
|  31|0x0000000084100000, 0x0000000084100000, 0x0000000084200000|  0%| F|  |TAMS 0x0000000084100000, 0x0000000084100000| Untracked 
|  32|0x0000000084200000, 0x0000000084200000, 0x0000000084300000|  0%| F|  |TAMS 0x0000000084200000, 0x0000000084200000| Untracked 
|  33|0x0000000084300000, 0x0000000084300000, 0x0000000084400000|  0%| F|  |TAMS 0x0000000084300000, 0x0000000084300000| Untracked 
|  34|0x0000000084400000, 0x0000000084400000, 0x0000000084500000|  0%| F|  |TAMS 0x0000000084400000, 0x0000000084400000| Untracked 
|  35|0x0000000084500000, 0x0000000084500000, 0x0000000084600000|  0%| F|  |TAMS 0x0000000084500000, 0x0000000084500000| Untracked 
|  36|0x0000000084600000, 0x0000000084600000, 0x0000000084700000|  0%| F|  |TAMS 0x0000000084600000, 0x0000000084600000| Untracked 
|  37|0x0000000084700000, 0x0000000084700000, 0x0000000084800000|  0%| F|  |TAMS 0x0000000084700000, 0x0000000084700000| Untracked 
|  38|0x0000000084800000, 0x0000000084800000, 0x0000000084900000|  0%| F|  |TAMS 0x0000000084800000, 0x0000000084800000| Untracked 
|  39|0x0000000084900000, 0x0000000084900000, 0x0000000084a00000|  0%| F|  |TAMS 0x0000000084900000, 0x0000000084900000| Untracked 
|  40|0x0000000084a00000, 0x0000000084a00000, 0x0000000084b00000|  0%| F|  |TAMS 0x0000000084a00000, 0x0000000084a00000| Untracked 
|  41|0x0000000084b00000, 0x0000000084b00000, 0x0000000084c00000|  0%| F|  |TAMS 0x0000000084b00000, 0x0000000084b00000| Untracked 
|  42|0x0000000084c00000, 0x0000000084c00000, 0x0000000084d00000|  0%| F|  |TAMS 0x0000000084c00000, 0x0000000084c00000| Untracked 
|  43|0x0000000084d00000, 0x0000000084d00000, 0x0000000084e00000|  0%| F|  |TAMS 0x0000000084d00000, 0x0000000084d00000| Untracked 
|  44|0x0000000084e00000, 0x0000000084e00000, 0x0000000084f00000|  0%| F|  |TAMS 0x0000000084e00000, 0x0000000084e00000| Untracked 
|  45|0x0000000084f00000, 0x0000000084f00000, 0x0000000085000000|  0%| F|  |TAMS 0x0000000084f00000, 0x0000000084f00000| Untracked 
|  46|0x0000000085000000, 0x0000000085000000, 0x0000000085100000|  0%| F|  |TAMS 0x0000000085000000, 0x0000000085000000| Untracked 
|  47|0x0000000085100000, 0x0000000085100000, 0x0000000085200000|  0%| F|  |TAMS 0x0000000085100000, 0x0000000085100000| Untracked 
|  48|0x0000000085200000, 0x0000000085200000, 0x0000000085300000|  0%| F|  |TAMS 0x0000000085200000, 0x0000000085200000| Untracked 
|  49|0x0000000085300000, 0x0000000085300000, 0x0000000085400000|  0%| F|  |TAMS 0x0000000085300000, 0x0000000085300000| Untracked 
|  50|0x0000000085400000, 0x0000000085400000, 0x0000000085500000|  0%| F|  |TAMS 0x0000000085400000, 0x0000000085400000| Untracked 
|  51|0x0000000085500000, 0x0000000085500000, 0x0000000085600000|  0%| F|  |TAMS 0x0000000085500000, 0x0000000085500000| Untracked 
|  52|0x0000000085600000, 0x0000000085600000, 0x0000000085700000|  0%| F|  |TAMS 0x0000000085600000, 0x0000000085600000| Untracked 
|  53|0x0000000085700000, 0x0000000085700000, 0x0000000085800000|  0%| F|  |TAMS 0x0000000085700000, 0x0000000085700000| Untracked 
|  54|0x0000000085800000, 0x0000000085800000, 0x0000000085900000|  0%| F|  |TAMS 0x0000000085800000, 0x0000000085800000| Untracked 
|  55|0x0000000085900000, 0x0000000085900000, 0x0000000085a00000|  0%| F|  |TAMS 0x0000000085900000, 0x0000000085900000| Untracked 
|  56|0x0000000085a00000, 0x0000000085a00000, 0x0000000085b00000|  0%| F|  |TAMS 0x0000000085a00000, 0x0000000085a00000| Untracked 
|  57|0x0000000085b00000, 0x0000000085b00000, 0x0000000085c00000|  0%| F|  |TAMS 0x0000000085b00000, 0x0000000085b00000| Untracked 
|  58|0x0000000085c00000, 0x0000000085c00000, 0x0000000085d00000|  0%| F|  |TAMS 0x0000000085c00000, 0x0000000085c00000| Untracked 
|  59|0x0000000085d00000, 0x0000000085d00000, 0x0000000085e00000|  0%| F|  |TAMS 0x0000000085d00000, 0x0000000085d00000| Untracked 
|  60|0x0000000085e00000, 0x0000000085e00000, 0x0000000085f00000|  0%| F|  |TAMS 0x0000000085e00000, 0x0000000085e00000| Untracked 
|  61|0x0000000085f00000, 0x0000000085f00000, 0x0000000086000000|  0%| F|  |TAMS 0x0000000085f00000, 0x0000000085f00000| Untracked 
|  62|0x0000000086000000, 0x0000000086000000, 0x0000000086100000|  0%| F|  |TAMS 0x0000000086000000, 0x0000000086000000| Untracked 
|  63|0x0000000086100000, 0x0000000086100000, 0x0000000086200000|  0%| F|  |TAMS 0x0000000086100000, 0x0000000086100000| Untracked 
|  64|0x0000000086200000, 0x0000000086200000, 0x0000000086300000|  0%| F|  |TAMS 0x0000000086200000, 0x0000000086200000| Untracked 
|  65|0x0000000086300000, 0x0000000086300000, 0x0000000086400000|  0%| F|  |TAMS 0x0000000086300000, 0x0000000086300000| Untracked 
|  66|0x0000000086400000, 0x0000000086400000, 0x0000000086500000|  0%| F|  |TAMS 0x0000000086400000, 0x0000000086400000| Untracked 
|  67|0x0000000086500000, 0x0000000086500000, 0x0000000086600000|  0%| F|  |TAMS 0x0000000086500000, 0x0000000086500000| Untracked 
|  68|0x0000000086600000, 0x0000000086600000, 0x0000000086700000|  0%| F|  |TAMS 0x0000000086600000, 0x0000000086600000| Untracked 
|  69|0x0000000086700000, 0x0000000086700000, 0x0000000086800000|  0%| F|  |TAMS 0x0000000086700000, 0x0000000086700000| Untracked 
|  70|0x0000000086800000, 0x0000000086800000, 0x0000000086900000|  0%| F|  |TAMS 0x0000000086800000, 0x0000000086800000| Untracked 
|  71|0x0000000086900000, 0x0000000086900000, 0x0000000086a00000|  0%| F|  |TAMS 0x0000000086900000, 0x0000000086900000| Untracked 
|  72|0x0000000086a00000, 0x0000000086a00000, 0x0000000086b00000|  0%| F|  |TAMS 0x0000000086a00000, 0x0000000086a00000| Untracked 
|  73|0x0000000086b00000, 0x0000000086b00000, 0x0000000086c00000|  0%| F|  |TAMS 0x0000000086b00000, 0x0000000086b00000| Untracked 
|  74|0x0000000086c00000, 0x0000000086c00000, 0x0000000086d00000|  0%| F|  |TAMS 0x0000000086c00000, 0x0000000086c00000| Untracked 
|  75|0x0000000086d00000, 0x0000000086d00000, 0x0000000086e00000|  0%| F|  |TAMS 0x0000000086d00000, 0x0000000086d00000| Untracked 
|  76|0x0000000086e00000, 0x0000000086e00000, 0x0000000086f00000|  0%| F|  |TAMS 0x0000000086e00000, 0x0000000086e00000| Untracked 
|  77|0x0000000086f00000, 0x0000000086f00000, 0x0000000087000000|  0%| F|  |TAMS 0x0000000086f00000, 0x0000000086f00000| Untracked 
|  78|0x0000000087000000, 0x0000000087000000, 0x0000000087100000|  0%| F|  |TAMS 0x0000000087000000, 0x0000000087000000| Untracked 
|  79|0x0000000087100000, 0x0000000087100000, 0x0000000087200000|  0%| F|  |TAMS 0x0000000087100000, 0x0000000087100000| Untracked 
|  80|0x0000000087200000, 0x0000000087200000, 0x0000000087300000|  0%| F|  |TAMS 0x0000000087200000, 0x0000000087200000| Untracked 
|  81|0x0000000087300000, 0x0000000087300000, 0x0000000087400000|  0%| F|  |TAMS 0x0000000087300000, 0x0000000087300000| Untracked 
|  82|0x0000000087400000, 0x0000000087400000, 0x0000000087500000|  0%| F|  |TAMS 0x0000000087400000, 0x0000000087400000| Untracked 
|  83|0x0000000087500000, 0x0000000087500000, 0x0000000087600000|  0%| F|  |TAMS 0x0000000087500000, 0x0000000087500000| Untracked 
|  84|0x0000000087600000, 0x0000000087600000, 0x0000000087700000|  0%| F|  |TAMS 0x0000000087600000, 0x0000000087600000| Untracked 
|  85|0x0000000087700000, 0x0000000087700000, 0x0000000087800000|  0%| F|  |TAMS 0x0000000087700000, 0x0000000087700000| Untracked 
|  86|0x0000000087800000, 0x0000000087800000, 0x0000000087900000|  0%| F|  |TAMS 0x0000000087800000, 0x0000000087800000| Untracked 
|  87|0x0000000087900000, 0x0000000087900000, 0x0000000087a00000|  0%| F|  |TAMS 0x0000000087900000, 0x0000000087900000| Untracked 
|  88|0x0000000087a00000, 0x0000000087a00000, 0x0000000087b00000|  0%| F|  |TAMS 0x0000000087a00000, 0x0000000087a00000| Untracked 
|  89|0x0000000087b00000, 0x0000000087b00000, 0x0000000087c00000|  0%| F|  |TAMS 0x0000000087b00000, 0x0000000087b00000| Untracked 
|  90|0x0000000087c00000, 0x0000000087c00000, 0x0000000087d00000|  0%| F|  |TAMS 0x0000000087c00000, 0x0000000087c00000| Untracked 
|  91|0x0000000087d00000, 0x0000000087d00000, 0x0000000087e00000|  0%| F|  |TAMS 0x0000000087d00000, 0x0000000087d00000| Untracked 
|  92|0x0000000087e00000, 0x0000000087e00000, 0x0000000087f00000|  0%| F|  |TAMS 0x0000000087e00000, 0x0000000087e00000| Untracked 
|  93|0x0000000087f00000, 0x0000000087f00000, 0x0000000088000000|  0%| F|  |TAMS 0x0000000087f00000, 0x0000000087f00000| Untracked 
|  94|0x0000000088000000, 0x0000000088000000, 0x0000000088100000|  0%| F|  |TAMS 0x0000000088000000, 0x0000000088000000| Untracked 
|  95|0x0000000088100000, 0x0000000088100000, 0x0000000088200000|  0%| F|  |TAMS 0x0000000088100000, 0x0000000088100000| Untracked 
|  96|0x0000000088200000, 0x0000000088200000, 0x0000000088300000|  0%| F|  |TAMS 0x0000000088200000, 0x0000000088200000| Untracked 
|  97|0x0000000088300000, 0x0000000088300000, 0x0000000088400000|  0%| F|  |TAMS 0x0000000088300000, 0x0000000088300000| Untracked 
|  98|0x0000000088400000, 0x0000000088400000, 0x0000000088500000|  0%| F|  |TAMS 0x0000000088400000, 0x0000000088400000| Untracked 
|  99|0x0000000088500000, 0x0000000088500000, 0x0000000088600000|  0%| F|  |TAMS 0x0000000088500000, 0x0000000088500000| Untracked 
| 100|0x0000000088600000, 0x0000000088600000, 0x0000000088700000|  0%| F|  |TAMS 0x0000000088600000, 0x0000000088600000| Untracked 
| 101|0x0000000088700000, 0x0000000088700000, 0x0000000088800000|  0%| F|  |TAMS 0x0000000088700000, 0x0000000088700000| Untracked 
| 102|0x0000000088800000, 0x0000000088800000, 0x0000000088900000|  0%| F|  |TAMS 0x0000000088800000, 0x0000000088800000| Untracked 
| 103|0x0000000088900000, 0x0000000088900000, 0x0000000088a00000|  0%| F|  |TAMS 0x0000000088900000, 0x0000000088900000| Untracked 
| 104|0x0000000088a00000, 0x0000000088a00000, 0x0000000088b00000|  0%| F|  |TAMS 0x0000000088a00000, 0x0000000088a00000| Untracked 
| 105|0x0000000088b00000, 0x0000000088b00000, 0x0000000088c00000|  0%| F|  |TAMS 0x0000000088b00000, 0x0000000088b00000| Untracked 
| 106|0x0000000088c00000, 0x0000000088c00000, 0x0000000088d00000|  0%| F|  |TAMS 0x0000000088c00000, 0x0000000088c00000| Untracked 
| 107|0x0000000088d00000, 0x0000000088d00000, 0x0000000088e00000|  0%| F|  |TAMS 0x0000000088d00000, 0x0000000088d00000| Untracked 
| 108|0x0000000088e00000, 0x0000000088e00000, 0x0000000088f00000|  0%| F|  |TAMS 0x0000000088e00000, 0x0000000088e00000| Untracked 
| 109|0x0000000088f00000, 0x0000000088f00000, 0x0000000089000000|  0%| F|  |TAMS 0x0000000088f00000, 0x0000000088f00000| Untracked 
| 110|0x0000000089000000, 0x0000000089000000, 0x0000000089100000|  0%| F|  |TAMS 0x0000000089000000, 0x0000000089000000| Untracked 
| 111|0x0000000089100000, 0x0000000089100000, 0x0000000089200000|  0%| F|  |TAMS 0x0000000089100000, 0x0000000089100000| Untracked 
| 112|0x0000000089200000, 0x0000000089200000, 0x0000000089300000|  0%| F|  |TAMS 0x0000000089200000, 0x0000000089200000| Untracked 
| 113|0x0000000089300000, 0x0000000089300000, 0x0000000089400000|  0%| F|  |TAMS 0x0000000089300000, 0x0000000089300000| Untracked 
| 114|0x0000000089400000, 0x0000000089400000, 0x0000000089500000|  0%| F|  |TAMS 0x0000000089400000, 0x0000000089400000| Untracked 
| 115|0x0000000089500000, 0x0000000089500000, 0x0000000089600000|  0%| F|  |TAMS 0x0000000089500000, 0x0000000089500000| Untracked 
| 116|0x0000000089600000, 0x0000000089600000, 0x0000000089700000|  0%| F|  |TAMS 0x0000000089600000, 0x0000000089600000| Untracked 
| 117|0x0000000089700000, 0x0000000089700000, 0x0000000089800000|  0%| F|  |TAMS 0x0000000089700000, 0x0000000089700000| Untracked 
| 118|0x0000000089800000, 0x00000000898f9d00, 0x0000000089900000| 97%| E|  |TAMS 0x0000000089800000, 0x0000000089800000| Complete 
| 119|0x0000000089900000, 0x0000000089a00000, 0x0000000089a00000|100%| E|  |TAMS 0x0000000089900000, 0x0000000089900000| Complete 
| 120|0x0000000089a00000, 0x0000000089b00000, 0x0000000089b00000|100%| E|CS|TAMS 0x0000000089a00000, 0x0000000089a00000| Complete 
| 121|0x0000000089b00000, 0x0000000089c00000, 0x0000000089c00000|100%| E|CS|TAMS 0x0000000089b00000, 0x0000000089b00000| Complete 
| 122|0x0000000089c00000, 0x0000000089d00000, 0x0000000089d00000|100%| E|CS|TAMS 0x0000000089c00000, 0x0000000089c00000| Complete 
| 123|0x0000000089d00000, 0x0000000089e00000, 0x0000000089e00000|100%| E|CS|TAMS 0x0000000089d00000, 0x0000000089d00000| Complete 
| 124|0x0000000089e00000, 0x0000000089f00000, 0x0000000089f00000|100%| E|CS|TAMS 0x0000000089e00000, 0x0000000089e00000| Complete 
| 125|0x0000000089f00000, 0x000000008a000000, 0x000000008a000000|100%| E|CS|TAMS 0x0000000089f00000, 0x0000000089f00000| Complete 

Card table byte_map: [0x000002cfbf130000,0x000002cfbf520000] _byte_map_base: 0x000002cfbed1f000

Marking Bits (Prev, Next): (CMBitMap*) 0x000002cfa6c9fe88, (CMBitMap*) 0x000002cfa6c9fec0
 Prev Bits: [0x000002cfbf910000, 0x000002cfc1888000)
 Next Bits: [0x000002cfc1890000, 0x000002cfc3808000)

Polling page: 0x000002cfa5350000

Metaspace:

Usage:
  Non-class:      8.78 MB capacity,     8.67 MB ( 99%) used,   106.33 KB (  1%) free+waste,     9.19 KB ( <1%) overhead. 
      Class:    916.00 KB capacity,   856.61 KB ( 94%) used,    55.70 KB (  6%) free+waste,     3.69 KB ( <1%) overhead. 
       Both:      9.67 MB capacity,     9.50 MB ( 98%) used,   162.03 KB (  2%) free+waste,    12.88 KB ( <1%) overhead. 

Virtual space:
  Non-class space:       10.00 MB reserved,       9.00 MB ( 90%) committed 
      Class space:        1.00 GB reserved,       1.00 MB ( <1%) committed 
             Both:        1.01 GB reserved,      10.00 MB ( <1%) committed 

Chunk freelists:
   Non-Class:  33.00 KB
       Class:  12.00 KB
        Both:  45.00 KB

MaxMetaspaceSize: 17179869184.00 GB
CompressedClassSpaceSize: 1.00 GB

CodeHeap 'non-profiled nmethods': size=120000Kb used=153Kb max_used=153Kb free=119846Kb
 bounds [0x000002cfb6da0000, 0x000002cfb7010000, 0x000002cfbe2d0000]
CodeHeap 'profiled nmethods': size=120000Kb used=708Kb max_used=708Kb free=119291Kb
 bounds [0x000002cfaf870000, 0x000002cfafae0000, 0x000002cfb6da0000]
CodeHeap 'non-nmethods': size=5760Kb used=1151Kb max_used=1165Kb free=4608Kb
 bounds [0x000002cfaf2d0000, 0x000002cfaf540000, 0x000002cfaf870000]
 total_blobs=881 nmethods=510 adapters=291
 compilation: enabled
              stopped_count=0, restarted_count=0
 full_count=0

Compilation events (20 events):
Event: 178.138 Thread 0x000002cfc6359000  501       1       java.net.URL::getQuery (5 bytes)
Event: 178.138 Thread 0x000002cfc6359000 nmethod 501 0x000002cfb6dc4d10 code [0x000002cfb6dc4ec0, 0x000002cfb6dc4f78]
Event: 178.138 Thread 0x000002cfc6359000  502       3       org.eclipse.jdt.launching.internal.org.objectweb.asm.SymbolTable::get (13 bytes)
Event: 178.138 Thread 0x000002cfc6359000 nmethod 502 0x000002cfaf91ea90 code [0x000002cfaf91ec40, 0x000002cfaf91ed98]
Event: 178.138 Thread 0x000002cfc6359000  503       3       org.eclipse.jdt.launching.internal.org.objectweb.asm.SymbolTable::addConstantUtf8 (98 bytes)
Event: 178.140 Thread 0x000002cfc6359000 nmethod 503 0x000002cfaf91ee90 code [0x000002cfaf91f0e0, 0x000002cfaf91f778]
Event: 215.170 Thread 0x000002cfc6c3f800  504       4       org.eclipse.jdt.launching.internal.org.objectweb.asm.ClassReader::getItem (7 bytes)
Event: 215.170 Thread 0x000002cfc6359000  505       1       org.eclipse.jdt.launching.internal.org.objectweb.asm.SymbolTable::getMajorVersion (5 bytes)
Event: 215.170 Thread 0x000002cfc6359000 nmethod 505 0x000002cfb6dc5010 code [0x000002cfb6dc51c0, 0x000002cfb6dc5278]
Event: 215.172 Thread 0x000002cfc6c3f800 nmethod 504 0x000002cfb6dc5310 code [0x000002cfb6dc54a0, 0x000002cfb6dc5558]
Event: 334.756 Thread 0x000002cfc6359000  506       1       org.eclipse.jdt.launching.internal.org.objectweb.asm.SymbolTable::getSource (5 bytes)
Event: 334.756 Thread 0x000002cfc6359000 nmethod 506 0x000002cfb6dc5610 code [0x000002cfb6dc57c0, 0x000002cfb6dc5878]
Event: 1289.772 Thread 0x000002cfc6c3f800  507       4       org.eclipse.jdt.launching.internal.org.objectweb.asm.ClassReader::readUtf (161 bytes)
Event: 1289.772 Thread 0x000002cfc6359000  508       3       org.eclipse.jdt.launching.internal.org.objectweb.asm.ClassReader::readInt (52 bytes)
Event: 1289.772 Thread 0x000002cfc6359000 nmethod 508 0x000002cfaf91fb10 code [0x000002cfaf91fcc0, 0x000002cfaf91fe98]
Event: 1289.772 Thread 0x000002cfc6359000  509       3       org.eclipse.jdt.launching.internal.org.objectweb.asm.ClassReader::readClass (7 bytes)
Event: 1289.773 Thread 0x000002cfc6359000 nmethod 509 0x000002cfaf920010 code [0x000002cfaf920200, 0x000002cfaf920668]
Event: 1289.773 Thread 0x000002cfc6359000  510       3       org.eclipse.jdt.launching.internal.org.objectweb.asm.ClassReader::readStringish (16 bytes)
Event: 1289.775 Thread 0x000002cfc6359000 nmethod 510 0x000002cfaf920910 code [0x000002cfaf920b00, 0x000002cfaf920f08]
Event: 1289.779 Thread 0x000002cfc6c3f800 nmethod 507 0x000002cfb6dc5910 code [0x000002cfb6dc5ae0, 0x000002cfb6dc6338]

GC Heap History (0 events):
No events

Deoptimization events (20 events):
Event: 0.357 Thread 0x000002cfa6c5f000 DEOPT PACKING pc=0x000002cfaf8e6601 sp=0x000000da1defa970
Event: 0.357 Thread 0x000002cfa6c5f000 DEOPT UNPACKING pc=0x000002cfaf30b94e sp=0x000000da1def9e38 mode 0
Event: 0.358 Thread 0x000002cfa6c5f000 DEOPT PACKING pc=0x000002cfaf8e6601 sp=0x000000da1defa970
Event: 0.358 Thread 0x000002cfa6c5f000 DEOPT UNPACKING pc=0x000002cfaf30b94e sp=0x000000da1def9e38 mode 0
Event: 0.358 Thread 0x000002cfa6c5f000 DEOPT PACKING pc=0x000002cfaf8e6601 sp=0x000000da1defa970
Event: 0.358 Thread 0x000002cfa6c5f000 DEOPT UNPACKING pc=0x000002cfaf30b94e sp=0x000000da1def9e38 mode 0
Event: 0.358 Thread 0x000002cfa6c5f000 DEOPT PACKING pc=0x000002cfaf8e6601 sp=0x000000da1defa970
Event: 0.358 Thread 0x000002cfa6c5f000 DEOPT UNPACKING pc=0x000002cfaf30b94e sp=0x000000da1def9e38 mode 0
Event: 0.360 Thread 0x000002cfa6c5f000 DEOPT PACKING pc=0x000002cfaf8e6601 sp=0x000000da1defbcc0
Event: 0.360 Thread 0x000002cfa6c5f000 DEOPT UNPACKING pc=0x000002cfaf30b94e sp=0x000000da1defb188 mode 0
Event: 0.361 Thread 0x000002cfa6c5f000 DEOPT PACKING pc=0x000002cfaf8e6601 sp=0x000000da1defbcc0
Event: 0.361 Thread 0x000002cfa6c5f000 DEOPT UNPACKING pc=0x000002cfaf30b94e sp=0x000000da1defb188 mode 0
Event: 0.363 Thread 0x000002cfa6c5f000 DEOPT PACKING pc=0x000002cfaf8e6601 sp=0x000000da1defa8f0
Event: 0.363 Thread 0x000002cfa6c5f000 DEOPT UNPACKING pc=0x000002cfaf30b94e sp=0x000000da1def9db8 mode 0
Event: 0.364 Thread 0x000002cfa6c5f000 DEOPT PACKING pc=0x000002cfaf8b3fd0 sp=0x000000da1defbea0
Event: 0.364 Thread 0x000002cfa6c5f000 DEOPT UNPACKING pc=0x000002cfaf30b94e sp=0x000000da1defb328 mode 0
Event: 0.365 Thread 0x000002cfa6c5f000 DEOPT PACKING pc=0x000002cfaf8e6601 sp=0x000000da1defbbf0
Event: 0.365 Thread 0x000002cfa6c5f000 DEOPT UNPACKING pc=0x000002cfaf30b94e sp=0x000000da1defb0b8 mode 0
Event: 0.366 Thread 0x000002cfa6c5f000 DEOPT PACKING pc=0x000002cfaf8e6601 sp=0x000000da1defbcc0
Event: 0.366 Thread 0x000002cfa6c5f000 DEOPT UNPACKING pc=0x000002cfaf30b94e sp=0x000000da1defb188 mode 0

Classes redefined (5 events):
Event: 178.139 Thread 0x000002cfc6308800 redefined class name=w3.SinglyLinkedList, count=1
Event: 215.171 Thread 0x000002cfc6308800 redefined class name=w3.InfixToPostfix2, count=1
Event: 334.757 Thread 0x000002cfc6308800 redefined class name=w3.InfixToPostfix2, count=2
Event: 1289.774 Thread 0x000002cfc6308800 redefined class name=w3.InfixToPostfix2, count=3
Event: 2174.235 Thread 0x000002cfc6308800 redefined class name=w3.SinglyLinkedList, count=2

Internal exceptions (1 events):
Event: 0.383 Thread 0x000002cfa6c5f000 Exception <a 'java/lang/NoSuchMethodError'{0x00000000899a7f88}: 'int java.lang.invoke.DirectMethodHandle$Holder.invokeSpecialIFC(java.lang.Object, java.lang.Object, int)'> (0x00000000899a7f88) thrown at [./src/hotspot/share/interpreter/linkResolver.cpp, line 773]

Events (20 events):
Event: 2174.241 Executing VM operation: ChangeBreakpoints done
Event: 2174.245 Executing VM operation: ChangeBreakpoints
Event: 2174.246 Executing VM operation: ChangeBreakpoints done
Event: 2174.247 Executing VM operation: GetFrameCount
Event: 2174.247 Executing VM operation: GetFrameCount done
Event: 2174.247 Executing VM operation: GetStackTrace
Event: 2174.247 Executing VM operation: GetStackTrace done
Event: 2174.525 Executing VM operation: GetFrameCount
Event: 2174.525 Executing VM operation: GetFrameCount done
Event: 2174.526 Executing VM operation: GetOwnedMonitorInfo
Event: 2174.526 Executing VM operation: GetOwnedMonitorInfo done
Event: 2174.526 Executing VM operation: GetCurrentContendedMonitor
Event: 2174.526 Executing VM operation: GetCurrentContendedMonitor done
Event: 2174.540 Executing VM operation: GetFrameLocation
Event: 2174.540 Executing VM operation: GetFrameLocation done
Event: 2174.540 Executing VM operation: GetOrSetLocal
Event: 2174.540 Executing VM operation: GetOrSetLocal done
Event: 2174.541 Executing VM operation: GetFrameLocation
Event: 2174.541 Executing VM operation: GetFrameLocation done
Event: 2174.541 Executing VM operation: GetOrSetLocal


Dynamic libraries:
0x00007ff6402d0000 - 0x00007ff6402dd000 	C:\Program Files\AdoptOpenJDK\jdk-11.0.8.10-hotspot\bin\javaw.exe
0x00007ff987030000 - 0x00007ff987225000 	C:\WINDOWS\SYSTEM32\ntdll.dll
0x00007ff985230000 - 0x00007ff9852ed000 	C:\WINDOWS\System32\KERNEL32.DLL
0x00007ff984900000 - 0x00007ff984bc9000 	C:\WINDOWS\System32\KERNELBASE.dll
0x00007ff984c70000 - 0x00007ff984d70000 	C:\WINDOWS\System32\ucrtbase.dll
0x00007ff978de0000 - 0x00007ff978df7000 	C:\Program Files\AdoptOpenJDK\jdk-11.0.8.10-hotspot\bin\jli.dll
0x00007ff9775b0000 - 0x00007ff9775c5000 	C:\Program Files\AdoptOpenJDK\jdk-11.0.8.10-hotspot\bin\VCRUNTIME140.dll
0x00007ff985090000 - 0x00007ff985230000 	C:\WINDOWS\System32\USER32.dll
0x00007ff9848d0000 - 0x00007ff9848f2000 	C:\WINDOWS\System32\win32u.dll
0x00007ff985fe0000 - 0x00007ff98600a000 	C:\WINDOWS\System32\GDI32.dll
0x00007ff984d70000 - 0x00007ff984e7b000 	C:\WINDOWS\System32\gdi32full.dll
0x00007ff984bd0000 - 0x00007ff984c6d000 	C:\WINDOWS\System32\msvcp_win.dll
0x00007ff96dc80000 - 0x00007ff96df1a000 	C:\WINDOWS\WinSxS\amd64_microsoft.windows.common-controls_6595b64144ccf1df_6.0.19041.844_none_ca00b6081b84eb1d\COMCTL32.dll
0x00007ff9852f0000 - 0x00007ff98538e000 	C:\WINDOWS\System32\msvcrt.dll
0x00007ff986170000 - 0x00007ff9861a0000 	C:\WINDOWS\System32\IMM32.DLL
0x00007ff977510000 - 0x00007ff9775ab000 	C:\Program Files\AdoptOpenJDK\jdk-11.0.8.10-hotspot\bin\msvcp140.dll
0x00007ff922920000 - 0x00007ff9233dd000 	C:\Program Files\AdoptOpenJDK\jdk-11.0.8.10-hotspot\bin\server\jvm.dll
0x00007ff986f40000 - 0x00007ff986fec000 	C:\WINDOWS\System32\ADVAPI32.dll
0x00007ff986ea0000 - 0x00007ff986f3c000 	C:\WINDOWS\System32\sechost.dll
0x00007ff985d80000 - 0x00007ff985eab000 	C:\WINDOWS\System32\RPCRT4.dll
0x00007ff985f60000 - 0x00007ff985f68000 	C:\WINDOWS\System32\PSAPI.DLL
0x00007ff963f30000 - 0x00007ff963f39000 	C:\WINDOWS\SYSTEM32\WSOCK32.dll
0x00007ff96b7d0000 - 0x00007ff96b7f7000 	C:\WINDOWS\SYSTEM32\WINMM.dll
0x00007ff985f70000 - 0x00007ff985fdb000 	C:\WINDOWS\System32\WS2_32.dll
0x00007ff977a90000 - 0x00007ff977a9a000 	C:\WINDOWS\SYSTEM32\VERSION.dll
0x00007ff983050000 - 0x00007ff983062000 	C:\WINDOWS\SYSTEM32\kernel.appcore.dll
0x00007ff97c9c0000 - 0x00007ff97c9d0000 	C:\Program Files\AdoptOpenJDK\jdk-11.0.8.10-hotspot\bin\verify.dll
0x00007ff982ce0000 - 0x00007ff982ec4000 	C:\WINDOWS\SYSTEM32\DBGHELP.DLL
0x00007ff969910000 - 0x00007ff96993c000 	C:\WINDOWS\SYSTEM32\dbgcore.DLL
0x00007ff984770000 - 0x00007ff9847f0000 	C:\WINDOWS\System32\bcryptPrimitives.dll
0x00007ff972350000 - 0x00007ff972378000 	C:\Program Files\AdoptOpenJDK\jdk-11.0.8.10-hotspot\bin\java.dll
0x00007ff97c990000 - 0x00007ff97c99a000 	C:\Program Files\AdoptOpenJDK\jdk-11.0.8.10-hotspot\bin\jimage.dll
0x00007ff972ad0000 - 0x00007ff972b08000 	C:\Program Files\AdoptOpenJDK\jdk-11.0.8.10-hotspot\bin\jdwp.dll
0x00007ff978fe0000 - 0x00007ff978fee000 	C:\Program Files\AdoptOpenJDK\jdk-11.0.8.10-hotspot\bin\instrument.dll
0x00007ff97c910000 - 0x00007ff97c927000 	C:\Program Files\AdoptOpenJDK\jdk-11.0.8.10-hotspot\bin\zip.dll
0x00007ff985630000 - 0x00007ff985d72000 	C:\WINDOWS\System32\SHELL32.dll
0x00007ff982430000 - 0x00007ff982bc0000 	C:\WINDOWS\SYSTEM32\windows.storage.dll
0x00007ff986ae0000 - 0x00007ff986e35000 	C:\WINDOWS\System32\combase.dll
0x00007ff9841e0000 - 0x00007ff98420c000 	C:\WINDOWS\SYSTEM32\Wldp.dll
0x00007ff9860b0000 - 0x00007ff98615e000 	C:\WINDOWS\System32\SHCORE.dll
0x00007ff986350000 - 0x00007ff9863a5000 	C:\WINDOWS\System32\shlwapi.dll
0x00007ff9846b0000 - 0x00007ff9846cf000 	C:\WINDOWS\SYSTEM32\profapi.dll
0x00007ff977660000 - 0x00007ff97766a000 	C:\Program Files\AdoptOpenJDK\jdk-11.0.8.10-hotspot\bin\dt_socket.dll
0x00007ff983f60000 - 0x00007ff983fca000 	C:\WINDOWS\System32\mswsock.dll
0x00007ff983c50000 - 0x00007ff983d1b000 	C:\WINDOWS\SYSTEM32\DNSAPI.dll
0x00007ff983c00000 - 0x00007ff983c3b000 	C:\WINDOWS\SYSTEM32\IPHLPAPI.DLL
0x00007ff986410000 - 0x00007ff986418000 	C:\WINDOWS\System32\NSI.dll
0x00007ff973010000 - 0x00007ff97308f000 	C:\WINDOWS\System32\fwpuclnt.dll
0x00007ff9847f0000 - 0x00007ff984817000 	C:\WINDOWS\System32\bcrypt.dll
0x00007ff9778f0000 - 0x00007ff9778fa000 	C:\Windows\System32\rasadhlp.dll
0x00007ff978dc0000 - 0x00007ff978dd9000 	C:\Program Files\AdoptOpenJDK\jdk-11.0.8.10-hotspot\bin\net.dll
0x00007ff97ad00000 - 0x00007ff97ae0c000 	C:\WINDOWS\SYSTEM32\WINHTTP.dll
0x00007ff9776d0000 - 0x00007ff9776e2000 	C:\Program Files\AdoptOpenJDK\jdk-11.0.8.10-hotspot\bin\nio.dll

dbghelp: loaded successfully - version: 4.0.5 - missing functions: none
symbol engine: initialized successfully - sym options: 0x614 - pdb path: .;C:\Program Files\AdoptOpenJDK\jdk-11.0.8.10-hotspot\bin;C:\WINDOWS\SYSTEM32;C:\WINDOWS\WinSxS\amd64_microsoft.windows.common-controls_6595b64144ccf1df_6.0.19041.844_none_ca00b6081b84eb1d;C:\Program Files\AdoptOpenJDK\jdk-11.0.8.10-hotspot\bin\server

VM Arguments:
jvm_args: -agentlib:jdwp=transport=dt_socket,suspend=y,address=localhost:59100 -javaagent:C:\Users\마윤주\Desktop\이클립스 java\eclipse\configuration\org.eclipse.osgi\222\0\.cp\lib\javaagent-shaded.jar -Dfile.encoding=UTF-8 
java_command: w3.InfixToPostfixTest
java_class_path (initial): C:\Users\마윤주\Desktop\이클립스 java\eclipse\plugins\org.junit.jupiter.api_5.6.0.v20200203-2009.jar;C:\Users\마윤주\Desktop\이클립스 java\eclipse\plugins\org.junit.jupiter.engine_5.6.0.v20200203-2009.jar;C:\Users\마윤주\Desktop\이클립스 java\eclipse\plugins\org.junit.jupiter.migrationsupport_5.6.0.v20200203-2009.jar;C:\Users\마윤주\Desktop\이클립스 java\eclipse\plugins\org.junit.jupiter.params_5.6.0.v20200203-2009.jar;C:\Users\마윤주\Desktop\이클립스 java\eclipse\plugins\org.junit.platform.commons_1.6.0.v20200203-2009.jar;C:\Users\마윤주\Desktop\이클립스 java\eclipse\plugins\org.junit.platform.engine_1.6.0.v20200203-2009.jar;C:\Users\마윤주\Desktop\이클립스 java\eclipse\plugins\org.junit.platform.launcher_1.6.0.v20200203-2009.jar;C:\Users\마윤주\Desktop\이클립스 java\eclipse\plugins\org.junit.platform.runner_1.6.0.v20200203-2009.jar;C:\Users\마윤주\Desktop\이클립스 java\eclipse\plugins\org.junit.platform.suite.api_1.6.0.v20200203-2009.jar;C:\Users\마윤주\Desktop\이클립스 java\eclipse\plugins\org.junit.vintage.engine_5.6.0.v20200203-2009.jar;C:\Users\마윤주\Desktop\이클립스 java\eclipse\plugins\org.opentest4j_1.2.0.v20190826-0900.jar;C:\Users\마윤주\Desktop\이클립스 java\eclipse\plugins\org.apiguardian_1.1.0.v20190826-0900.jar;C:\Users\마윤주\Desktop\이클립스 java\eclipse\plugins\org.junit_4.13.0.v20200204-1500.jar;C:\Users\마윤주\Desktop\이클립스 java\eclipse\plugins\org.hamcrest.core_1.3.0.v20180420-1519.jar;C:\dev\javaprogramming-workspace\Java\bin
Launcher Type: SUN_STANDARD

[Global flags]
     intx CICompilerCount                          = 4                                         {product} {ergonomic}
     uint ConcGCThreads                            = 2                                         {product} {ergonomic}
     uint G1ConcRefinementThreads                  = 8                                         {product} {ergonomic}
   size_t G1HeapRegionSize                         = 1048576                                   {product} {ergonomic}
    uintx GCDrainStackTargetSize                   = 64                                        {product} {ergonomic}
   size_t InitialHeapSize                          = 132120576                                 {product} {ergonomic}
   size_t MarkStackSize                            = 4194304                                   {product} {ergonomic}
   size_t MaxHeapSize                              = 2111832064                                {product} {ergonomic}
   size_t MaxNewSize                               = 1266679808                                {product} {ergonomic}
   size_t MinHeapDeltaBytes                        = 1048576                                   {product} {ergonomic}
    uintx NonNMethodCodeHeapSize                   = 5836300                                {pd product} {ergonomic}
    uintx NonProfiledCodeHeapSize                  = 122910970                              {pd product} {ergonomic}
    uintx ProfiledCodeHeapSize                     = 122910970                              {pd product} {ergonomic}
    uintx ReservedCodeCacheSize                    = 251658240                              {pd product} {ergonomic}
     bool SegmentedCodeCache                       = true                                      {product} {ergonomic}
     bool UseCompressedClassPointers               = true                                 {lp64_product} {ergonomic}
     bool UseCompressedOops                        = true                                 {lp64_product} {ergonomic}
     bool UseG1GC                                  = true                                      {product} {ergonomic}
     bool UseLargePagesIndividualAllocation        = false                                  {pd product} {ergonomic}

Logging:
Log output configuration:
 #0: stdout all=warning uptime,level,tags
 #1: stderr all=off uptime,level,tags

Environment Variables:
JAVA_HOME=C:\Program Files\Java\jdk1.8.0_261
CLASSPATH=C:\Program Files\Java\jdk1.8.0_261\lib
PATH=C:/Program Files/AdoptOpenJDK/jdk-11.0.8.10-hotspot/bin/client;C:/Program Files/AdoptOpenJDK/jdk-11.0.8.10-hotspot/bin;C:\Program Files (x86)\VMware\VMware Player\bin\;C:\Program Files (x86)\Common Files\Oracle\Java\javapath;C:\util;C:\Program Files\AdoptOpenJDK\jdk-11.0.8.10-hotspot\bin;C:\Program Files\Common Files\Oracle\Java\javapath;C:\Program Files (x86)\Intel\Intel(R) Management Engine Components\iCLS\;C:\Program Files\Intel\Intel(R) Management Engine Components\iCLS\;C:\windows\system32;C:\windows;C:\windows\System32\Wbem;C:\windows\System32\WindowsPowerShell\v1.0\;C:\windows\System32\OpenSSH\;C:\Program Files (x86)\NVIDIA Corporation\PhysX\Common;C:\Program Files\Intel\WiFi\bin\;C:\Program Files\Common Files\Intel\WirelessCommon\;C:\Program Files (x86)\Intel\Intel(R) Management Engine Components\DAL;C:\Program Files\Intel\Intel(R) Management Engine Components\DAL;C:\WINDOWS\system32;C:\WINDOWS;C:\WINDOWS\System32\Wbem;C:\WINDOWS\System32\WindowsPowerShell\v1.0\;C:\WINDOWS\System32\OpenSSH\;C:\Program Files\Java\jdk1.8.0_261\bin;C:\Program Files (x86)\PuTTY\;C:\Program Files\PuTTY\;C:\Program Files (x86)\Git\cmd;C:\Users\마윤주\AppData\Local\Microsoft\WindowsApps;C:\Program Files\Java\jdk1.8.0_261\bin;C:\Users\마윤주\AppData\Local\Programs\Microsoft VS Code\bin;C:\Users\마윤주\AppData\Local\GitHubDesktop\bin;C:\Users\마윤주\Desktop\이클립스 java\eclipse;
USERNAME=마윤주
OS=Windows_NT
PROCESSOR_IDENTIFIER=Intel64 Family 6 Model 142 Stepping 11, GenuineIntel



---------------  S Y S T E M  ---------------

OS: Windows 10 , 64 bit Build 19041 (10.0.19041.804)
OS uptime: 6 days 3:30 hours

CPU:total 8 (initial active 8) (4 cores per cpu, 2 threads per core) family 6 model 142 stepping 11, cmov, cx8, fxsr, mmx, sse, sse2, sse3, ssse3, sse4.1, sse4.2, popcnt, avx, avx2, aes, clmul, erms, 3dnowpref, lzcnt, ht, tsc, tscinvbit, bmi1, bmi2, adx, fma

Memory: 4k page, system-wide physical 8048M (3154M free)
TotalPageFile size 11248M (AvailPageFile size 1684M)
current process WorkingSet (physical memory assigned to process): 48M, peak: 49M
current process commit charge ("private bytes"): 210M, peak: 212M

vm_info: OpenJDK 64-Bit Server VM (11.0.8+10) for windows-amd64 JRE (11.0.8+10), built on Jul 15 2020 11:45:54 by "" with MS VC++ 15.9 (VS2017)

END.
